C51 COMPILER V9.01   MAIN                                                                  08/10/2022 23:59:28 PAGE 1   


C51 COMPILER V9.01, COMPILATION OF MODULE MAIN
OBJECT MODULE PLACED IN main.OBJ
COMPILER INVOKED BY: D:\keil\C51\BIN\C51.EXE main.c BROWSE DEBUG OBJECTEXTEND

line level    source

   1          
   2          //C51  P0 接 JP3
   3          //CL5611BH  共阳极         http://www.xlitx.com/datasheet/CL5611BH.pdf
   4          //CL3641AH  共阴极 
   5          #include "reg52.h"
   6          #include <stdio.h>
   7                    
   8          typedef unsigned char u8;
   9          typedef unsigned int u16;
  10          
  11          unsigned int gsmg_code[15] = {0x3f,0x06,0x5b,0x4f,0x66,0x6d,0x7d,0x07,
  12                                                                  0x7f,0x6f,0x77,0x39,0x5e,0x79,0x71};
  13          sbit KEY1 = P3^4;                                               
  14          sbit KEY2 = P3^1;                         
  15          sbit KEY3 = P3^2;
  16          sbit KEY4 = P3^3;
  17          
  18          
  19          #define KEY1_PRESS 1
  20          #define KEY2_PRESS 2
  21          #define KEY3_PRESS 3
  22          #define KEY4_PRESS 4
  23          #define KEY_UNPRESS 0
  24          
  25          sbit LED1 = P2^4;
  26          sbit LED2 = P2^1;
  27          sbit LED3 = P2^2;
  28          sbit LED4 = P2^3;
  29          
  30          
  31          void delay_10us(unsigned int ten_us) 
  32          {
  33   1              while(ten_us--);
  34   1      }
  35            u8  key_scan(u8 mode) {
  36   1          static key=1;
  37   1          if(mode) key=1;
  38   1          if(KEY1==0||KEY2==0||KEY3==0||KEY4==0) {
  39   2              delay_10us(100);
  40   2              key=0;
  41   2              if(KEY1==0) return KEY1_PRESS;
  42   2              else if(KEY2==0) return KEY2_PRESS;
  43   2              else if(KEY3==0) return KEY3_PRESS;
  44   2              else if(KEY4==0) return KEY4_PRESS;
  45   2          }else if(KEY1==1&&KEY2==1&&KEY3==1&&KEY4==1){
  46   2              key=1;
  47   2          } 
  48   1      
  49   1          return  KEY_UNPRESS;
  50   1          
  51   1      }
  52           
  53           void main() 
  54          {
  55   1          u8 key=0;
C51 COMPILER V9.01   MAIN                                                                  08/10/2022 23:59:28 PAGE 2   

  56   1          P2 = 0;
  57   1          while(1) {
  58   2               key = key_scan(0);
  59   2               if(key == KEY4_PRESS) LED4 = !LED4;
  60   2               
  61   2              }                        
  62   1      }


MODULE INFORMATION:   STATIC OVERLAYABLE
   CODE SIZE        =    104    ----
   CONSTANT SIZE    =   ----    ----
   XDATA SIZE       =   ----    ----
   PDATA SIZE       =   ----    ----
   DATA SIZE        =     32    ----
   IDATA SIZE       =   ----    ----
   BIT SIZE         =   ----    ----
END OF MODULE INFORMATION.


C51 COMPILATION COMPLETE.  0 WARNING(S),  0 ERROR(S)
