C51 COMPILER V9.01   MAIN                                                                  08/10/2022 20:53:35 PAGE 1   


C51 COMPILER V9.01, COMPILATION OF MODULE MAIN
OBJECT MODULE PLACED IN main.OBJ
COMPILER INVOKED BY: D:\keil\C51\BIN\C51.EXE main.c BROWSE DEBUG OBJECTEXTEND

line level    source

   1          
   2          //C51  P0 接 JP3
   3          //CL5611BH  共阳极         http://www.xlitx.com/datasheet/CL5611BH.pdf
   4          //CL3641AH  共阴极 
   5          #include "reg52.h"
   6                    
   7          
   8          unsigned int gsmg_code[15] = {0x3f,0x06,0x5b,0x4f,0x66,0x6d,0x7d,0x07,
   9                                                                  0x7f,0x6f,0x77,0x39,0x5e,0x79,0x71};
  10          sbit P22 = P2^2;                                                
  11          sbit P23 = P2^3;                          
  12          sbit P24 = P2^4;
  13          void delay_10us(unsigned int ten_us) 
  14          {
  15   1              while(ten_us--);
  16   1      }
  17          
  18          void display() {
  19   1           int i = 0;
  20   1          for(; i < 8 ; i++) {
  21   2               switch(i){
  22   3                  case 0: P22 = 0; P23 = 0; P24 = 0; break;  
  23   3                  case 1: P22 = 1; P23 = 0; P24 = 0; break;
  24   3                  case 2: P22 = 0; P23 = 1; P24 = 0; break;
  25   3                  case 3: P22 = 1; P23 = 1; P24 = 0; break;
  26   3                  case 4: P22 = 0; P23 = 0; P24 = 1; break;
  27   3                  case 5: P22 = 1; P23 = 0; P24 = 1; break;
  28   3                  case 6: P22 = 0; P23 = 1; P24 = 1; break;
  29   3                  case 7: P22 = 1; P23 = 1; P24 = 1; break;
  30   3               }
  31   2              P0 = gsmg_code[i];
  32   2              delay_10us(200);
  33   2              P0 = 0x00;
  34   2          }
  35   1      }
  36           void main() 
  37          {
  38   1      //      int a = 2;
  39   1      //      P0 =(gsmg_code[a]);
  40   1      //      P24=1;
  41   1      //      P23=1;
  42   1      //      P22=0;
  43   1          while(1) {
  44   2               display();
  45   2              }                        
  46   1      }


MODULE INFORMATION:   STATIC OVERLAYABLE
   CODE SIZE        =    137    ----
   CONSTANT SIZE    =   ----    ----
   XDATA SIZE       =   ----    ----
   PDATA SIZE       =   ----    ----
   DATA SIZE        =     30    ----
   IDATA SIZE       =   ----    ----
C51 COMPILER V9.01   MAIN                                                                  08/10/2022 20:53:35 PAGE 2   

   BIT SIZE         =   ----    ----
END OF MODULE INFORMATION.


C51 COMPILATION COMPLETE.  0 WARNING(S),  0 ERROR(S)
