C51 COMPILER V9.01   MAIN                                                                  08/08/2022 08:31:49 PAGE 1   


C51 COMPILER V9.01, COMPILATION OF MODULE MAIN
OBJECT MODULE PLACED IN main.OBJ
COMPILER INVOKED BY: D:\keil\C51\BIN\C51.EXE main.c BROWSE DEBUG OBJECTEXTEND

line level    source

   1          
   2          //C51  P1.5 ½Ó J8
   3          
   4          #include "reg52.h"
   5                    
   6          sbit XXX = P1^5;
   7          void delay_10us(unsigned int ten_us) 
   8          {
   9   1              while(ten_us--);
  10   1      }
  11           void main() 
  12          {
  13   1              int i = 2000;
  14   1          while(1) {
  15   2                      while(i--){
  16   3      
  17   3                              XXX = 0x01;             
  18   3                              delay_10us(10000);
  19   3                                      delay_10us(10000);
  20   3                                              delay_10us(10000);
  21   3                                                      delay_10us(10000);
  22   3                              XXX = 0x00;     
  23   3                              delay_10us(100);
  24   3                      }               
  25   2                      XXX = 0;
  26   2      
  27   2              }                        
  28   1      }


MODULE INFORMATION:   STATIC OVERLAYABLE
   CODE SIZE        =     59    ----
   CONSTANT SIZE    =   ----    ----
   XDATA SIZE       =   ----    ----
   PDATA SIZE       =   ----    ----
   DATA SIZE        =   ----    ----
   IDATA SIZE       =   ----    ----
   BIT SIZE         =   ----    ----
END OF MODULE INFORMATION.


C51 COMPILATION COMPLETE.  0 WARNING(S),  0 ERROR(S)
