C51 COMPILER V9.01   MAIN                                                                  08/02/2022 22:53:56 PAGE 1   


C51 COMPILER V9.01, COMPILATION OF MODULE MAIN
OBJECT MODULE PLACED IN main.OBJ
COMPILER INVOKED BY: D:\keil\C51\BIN\C51.EXE main.c BROWSE DEBUG OBJECTEXTEND

line level    source

   1          
   2          //C51  P2 ½Ó J12
   3          #include "reg52.h"        
   4          #include "intrins.h"
   5          #define LED_PORT P2
   6          sfr XXX = 0xFF;
   7          void delay_10us(unsigned int ten_us) 
   8          {
   9   1              while(ten_us--);
  10   1      }
  11           void main() 
  12           {
  13   1      
  14   1       /* int i = 1;
  15   1        LED_PORT = 0x03;
  16   1        while(i) {
  17   1                 LED_PORT =_irol_(LED_PORT,1);
  18   1                 delay_10us(50000);   
  19   1                 i++;
  20   1               
  21   1        }*/
  22   1      _push_(XXX);
  23   1      
  24   1      XXX = 1;
  25   1      XXX = 2;
  26   1      XXX = 3;
  27   1      
  28   1      _pop_(XXX);
  29   1              
  30   1      while (1);
  31   1       }


MODULE INFORMATION:   STATIC OVERLAYABLE
   CODE SIZE        =     26    ----
   CONSTANT SIZE    =   ----    ----
   XDATA SIZE       =   ----    ----
   PDATA SIZE       =   ----    ----
   DATA SIZE        =   ----    ----
   IDATA SIZE       =   ----    ----
   BIT SIZE         =   ----    ----
END OF MODULE INFORMATION.


C51 COMPILATION COMPLETE.  0 WARNING(S),  0 ERROR(S)
